{"name":"verifying login functionality","status":"broken","statusDetails":{"known":false,"muted":false,"flaky":false,"message":"stale element reference: element is not attached to the page document\n  (Session info: MicrosoftEdge=96.0.1054.62)\nFor documentation on this error, please visit: http://seleniumhq.org/exceptions/stale_element_reference.html\nBuild info: version: '3.14.0', revision: 'aacccce0', time: '2018-08-02T20:19:58.91Z'\nSystem info: host: 'CHIKKK-LAPPY', ip: '192.168.237.178', os.name: 'Windows 10', os.arch: 'amd64', os.version: '10.0', java.version: '12.0.2'\nDriver info: org.openqa.selenium.edge.EdgeDriver\nCapabilities {acceptInsecureCerts: false, browserName: msedge, browserVersion: 96.0.1054.62, javascriptEnabled: true, ms:edgeOptions: {debuggerAddress: localhost:63771}, msedge: {msedgedriverVersion: 96.0.1054.57 (37903eda6e60d..., userDataDir: C:\\Users\\kotre\\AppData\\Loca...}, networkConnectionEnabled: false, pageLoadStrategy: normal, platform: WINDOWS, platformName: WINDOWS, proxy: Proxy(), setWindowRect: true, strictFileInteractability: false, timeouts: {implicit: 0, pageLoad: 300000, script: 30000}, unhandledPromptBehavior: dismiss and notify, webauthn:extension:credBlob: true, webauthn:extension:largeBlob: true, webauthn:virtualAuthenticators: true}\nSession ID: 1d64232a44cbe864a51e51d935fa6551","trace":"org.openqa.selenium.StaleElementReferenceException: stale element reference: element is not attached to the page document\n  (Session info: MicrosoftEdge=96.0.1054.62)\nFor documentation on this error, please visit: http://seleniumhq.org/exceptions/stale_element_reference.html\nBuild info: version: '3.14.0', revision: 'aacccce0', time: '2018-08-02T20:19:58.91Z'\nSystem info: host: 'CHIKKK-LAPPY', ip: '192.168.237.178', os.name: 'Windows 10', os.arch: 'amd64', os.version: '10.0', java.version: '12.0.2'\nDriver info: org.openqa.selenium.edge.EdgeDriver\nCapabilities {acceptInsecureCerts: false, browserName: msedge, browserVersion: 96.0.1054.62, javascriptEnabled: true, ms:edgeOptions: {debuggerAddress: localhost:63771}, msedge: {msedgedriverVersion: 96.0.1054.57 (37903eda6e60d..., userDataDir: C:\\Users\\kotre\\AppData\\Loca...}, networkConnectionEnabled: false, pageLoadStrategy: normal, platform: WINDOWS, platformName: WINDOWS, proxy: Proxy(), setWindowRect: true, strictFileInteractability: false, timeouts: {implicit: 0, pageLoad: 300000, script: 30000}, unhandledPromptBehavior: dismiss and notify, webauthn:extension:credBlob: true, webauthn:extension:largeBlob: true, webauthn:virtualAuthenticators: true}\nSession ID: 1d64232a44cbe864a51e51d935fa6551\r\n\tat java.base/jdk.internal.reflect.NativeConstructorAccessorImpl.newInstance0(Native Method)\r\n\tat java.base/jdk.internal.reflect.NativeConstructorAccessorImpl.newInstance(NativeConstructorAccessorImpl.java:62)\r\n\tat java.base/jdk.internal.reflect.DelegatingConstructorAccessorImpl.newInstance(DelegatingConstructorAccessorImpl.java:45)\r\n\tat java.base/java.lang.reflect.Constructor.newInstanceWithCaller(Constructor.java:500)\r\n\tat java.base/java.lang.reflect.Constructor.newInstance(Constructor.java:481)\r\n\tat org.openqa.selenium.remote.http.W3CHttpResponseCodec.createException(W3CHttpResponseCodec.java:187)\r\n\tat org.openqa.selenium.remote.http.W3CHttpResponseCodec.decode(W3CHttpResponseCodec.java:122)\r\n\tat org.openqa.selenium.remote.http.W3CHttpResponseCodec.decode(W3CHttpResponseCodec.java:49)\r\n\tat org.openqa.selenium.remote.HttpCommandExecutor.execute(HttpCommandExecutor.java:158)\r\n\tat org.openqa.selenium.remote.service.DriverCommandExecutor.execute(DriverCommandExecutor.java:83)\r\n\tat org.openqa.selenium.remote.RemoteWebDriver.execute(RemoteWebDriver.java:548)\r\n\tat org.openqa.selenium.remote.RemoteWebElement.execute(RemoteWebElement.java:276)\r\n\tat org.openqa.selenium.remote.RemoteWebElement.getText(RemoteWebElement.java:160)\r\n\tat com.kotresh.demo.sele_demo.Util.ElementUtil.VerifyLinksOrButtons(ElementUtil.java:68)\r\n\tat com.kotresh.demo.sele_demo.mytests.LoginTest_TC1.VerifyLoginPage(LoginTest_TC1.java:97)\r\n\tat java.base/jdk.internal.reflect.NativeMethodAccessorImpl.invoke0(Native Method)\r\n\tat java.base/jdk.internal.reflect.NativeMethodAccessorImpl.invoke(NativeMethodAccessorImpl.java:62)\r\n\tat java.base/jdk.internal.reflect.DelegatingMethodAccessorImpl.invoke(DelegatingMethodAccessorImpl.java:43)\r\n\tat java.base/java.lang.reflect.Method.invoke(Method.java:567)\r\n\tat org.testng.internal.MethodInvocationHelper.invokeMethod(MethodInvocationHelper.java:124)\r\n\tat org.testng.internal.Invoker.invokeMethod(Invoker.java:583)\r\n\tat org.testng.internal.Invoker.invokeTestMethod(Invoker.java:719)\r\n\tat org.testng.internal.Invoker.invokeTestMethods(Invoker.java:989)\r\n\tat org.testng.internal.TestMethodWorker.invokeTestMethods(TestMethodWorker.java:125)\r\n\tat org.testng.internal.TestMethodWorker.run(TestMethodWorker.java:109)\r\n\tat java.base/java.util.concurrent.ThreadPoolExecutor.runWorker(ThreadPoolExecutor.java:1128)\r\n\tat java.base/java.util.concurrent.ThreadPoolExecutor$Worker.run(ThreadPoolExecutor.java:628)\r\n\tat java.base/java.lang.Thread.run(Thread.java:835)\r\n"},"stage":"finished","description":"Test Case Description: Verify Login Functionality","steps":[{"name":"Performed Click Action on Link/Button/Image","status":"passed","stage":"finished","steps":[],"attachments":[],"parameters":[{"name":"ele","value":"[[EdgeDriver: msedge on WINDOWS (1d64232a44cbe864a51e51d935fa6551)] -> xpath: //span[contains(text(),'Log In')]]"},{"name":"ObjVal","value":""}],"start":1639867882589,"stop":1639867885393},{"name":"Performed Entry Action on WebEdit Field","status":"passed","stage":"finished","steps":[],"attachments":[],"parameters":[{"name":"ele","value":"[[EdgeDriver: msedge on WINDOWS (1d64232a44cbe864a51e51d935fa6551)] -> xpath: //input[@name='email']]"},{"name":"ObjVal","value":"kotresh.g256@gmail.com"}],"start":1639867887565,"stop":1639867887818},{"name":"Performed Entry Action on WebEdit Field","status":"passed","stage":"finished","steps":[],"attachments":[],"parameters":[{"name":"ele","value":"[[EdgeDriver: msedge on WINDOWS (1d64232a44cbe864a51e51d935fa6551)] -> xpath: //input[@name='password']]"},{"name":"ObjVal","value":"Corona@2"}],"start":1639867887842,"stop":1639867895899},{"name":"Performed Click Action on Link/Button/Image","status":"passed","stage":"finished","steps":[],"attachments":[],"parameters":[{"name":"ele","value":"[[EdgeDriver: msedge on WINDOWS (1d64232a44cbe864a51e51d935fa6551)] -> xpath: //div[text()='Login']]"},{"name":"ObjVal","value":""}],"start":1639867895963,"stop":1639867896134},{"name":"Performed Click Action on Link/Button/Image","status":"broken","statusDetails":{"known":false,"muted":false,"flaky":false,"message":"stale element reference: element is not attached to the page document\n  (Session info: MicrosoftEdge=96.0.1054.62)\nFor documentation on this error, please visit: http://seleniumhq.org/exceptions/stale_element_reference.html\nBuild info: version: '3.14.0', revision: 'aacccce0', time: '2018-08-02T20:19:58.91Z'\nSystem info: host: 'CHIKKK-LAPPY', ip: '192.168.237.178', os.name: 'Windows 10', os.arch: 'amd64', os.version: '10.0', java.version: '12.0.2'\nDriver info: org.openqa.selenium.edge.EdgeDriver\nCapabilities {acceptInsecureCerts: false, browserName: msedge, browserVersion: 96.0.1054.62, javascriptEnabled: true, ms:edgeOptions: {debuggerAddress: localhost:63771}, msedge: {msedgedriverVersion: 96.0.1054.57 (37903eda6e60d..., userDataDir: C:\\Users\\kotre\\AppData\\Loca...}, networkConnectionEnabled: false, pageLoadStrategy: normal, platform: WINDOWS, platformName: WINDOWS, proxy: Proxy(), setWindowRect: true, strictFileInteractability: false, timeouts: {implicit: 0, pageLoad: 300000, script: 30000}, unhandledPromptBehavior: dismiss and notify, webauthn:extension:credBlob: true, webauthn:extension:largeBlob: true, webauthn:virtualAuthenticators: true}\nSession ID: 1d64232a44cbe864a51e51d935fa6551","trace":"org.openqa.selenium.StaleElementReferenceException: stale element reference: element is not attached to the page document\n  (Session info: MicrosoftEdge=96.0.1054.62)\nFor documentation on this error, please visit: http://seleniumhq.org/exceptions/stale_element_reference.html\nBuild info: version: '3.14.0', revision: 'aacccce0', time: '2018-08-02T20:19:58.91Z'\nSystem info: host: 'CHIKKK-LAPPY', ip: '192.168.237.178', os.name: 'Windows 10', os.arch: 'amd64', os.version: '10.0', java.version: '12.0.2'\nDriver info: org.openqa.selenium.edge.EdgeDriver\nCapabilities {acceptInsecureCerts: false, browserName: msedge, browserVersion: 96.0.1054.62, javascriptEnabled: true, ms:edgeOptions: {debuggerAddress: localhost:63771}, msedge: {msedgedriverVersion: 96.0.1054.57 (37903eda6e60d..., userDataDir: C:\\Users\\kotre\\AppData\\Loca...}, networkConnectionEnabled: false, pageLoadStrategy: normal, platform: WINDOWS, platformName: WINDOWS, proxy: Proxy(), setWindowRect: true, strictFileInteractability: false, timeouts: {implicit: 0, pageLoad: 300000, script: 30000}, unhandledPromptBehavior: dismiss and notify, webauthn:extension:credBlob: true, webauthn:extension:largeBlob: true, webauthn:virtualAuthenticators: true}\nSession ID: 1d64232a44cbe864a51e51d935fa6551\r\n\tat java.base/jdk.internal.reflect.NativeConstructorAccessorImpl.newInstance0(Native Method)\r\n\tat java.base/jdk.internal.reflect.NativeConstructorAccessorImpl.newInstance(NativeConstructorAccessorImpl.java:62)\r\n\tat java.base/jdk.internal.reflect.DelegatingConstructorAccessorImpl.newInstance(DelegatingConstructorAccessorImpl.java:45)\r\n\tat java.base/java.lang.reflect.Constructor.newInstanceWithCaller(Constructor.java:500)\r\n\tat java.base/java.lang.reflect.Constructor.newInstance(Constructor.java:481)\r\n\tat org.openqa.selenium.remote.http.W3CHttpResponseCodec.createException(W3CHttpResponseCodec.java:187)\r\n\tat org.openqa.selenium.remote.http.W3CHttpResponseCodec.decode(W3CHttpResponseCodec.java:122)\r\n\tat org.openqa.selenium.remote.http.W3CHttpResponseCodec.decode(W3CHttpResponseCodec.java:49)\r\n\tat org.openqa.selenium.remote.HttpCommandExecutor.execute(HttpCommandExecutor.java:158)\r\n\tat org.openqa.selenium.remote.service.DriverCommandExecutor.execute(DriverCommandExecutor.java:83)\r\n\tat org.openqa.selenium.remote.RemoteWebDriver.execute(RemoteWebDriver.java:548)\r\n\tat org.openqa.selenium.remote.RemoteWebElement.execute(RemoteWebElement.java:276)\r\n\tat org.openqa.selenium.remote.RemoteWebElement.getText(RemoteWebElement.java:160)\r\n\tat com.kotresh.demo.sele_demo.Util.ElementUtil.VerifyLinksOrButtons(ElementUtil.java:68)\r\n\tat com.kotresh.demo.sele_demo.mytests.LoginTest_TC1.VerifyLoginPage(LoginTest_TC1.java:97)\r\n\tat java.base/jdk.internal.reflect.NativeMethodAccessorImpl.invoke0(Native Method)\r\n\tat java.base/jdk.internal.reflect.NativeMethodAccessorImpl.invoke(NativeMethodAccessorImpl.java:62)\r\n\tat java.base/jdk.internal.reflect.DelegatingMethodAccessorImpl.invoke(DelegatingMethodAccessorImpl.java:43)\r\n\tat java.base/java.lang.reflect.Method.invoke(Method.java:567)\r\n\tat org.testng.internal.MethodInvocationHelper.invokeMethod(MethodInvocationHelper.java:124)\r\n\tat org.testng.internal.Invoker.invokeMethod(Invoker.java:583)\r\n\tat org.testng.internal.Invoker.invokeTestMethod(Invoker.java:719)\r\n\tat org.testng.internal.Invoker.invokeTestMethods(Invoker.java:989)\r\n\tat org.testng.internal.TestMethodWorker.invokeTestMethods(TestMethodWorker.java:125)\r\n\tat org.testng.internal.TestMethodWorker.run(TestMethodWorker.java:109)\r\n\tat java.base/java.util.concurrent.ThreadPoolExecutor.runWorker(ThreadPoolExecutor.java:1128)\r\n\tat java.base/java.util.concurrent.ThreadPoolExecutor$Worker.run(ThreadPoolExecutor.java:628)\r\n\tat java.base/java.lang.Thread.run(Thread.java:835)\r\n"},"stage":"finished","steps":[],"attachments":[],"parameters":[{"name":"ele","value":"[[EdgeDriver: msedge on WINDOWS (1d64232a44cbe864a51e51d935fa6551)] -> xpath: //i[@class='settings icon'][1]]"},{"name":"ObjVal","value":""}],"start":1639867897541,"stop":1639867897649}],"attachments":[{"name":"VerifyLoginPage failed and screenshot taken!","source":"c1d9313e-f8d3-4b0f-85e6-625efd91a5ec-attachment","type":"text/plain"},{"name":"VerifyLoginPage failed and screenshot taken!","source":"0b80a199-c323-4649-ac22-59c8191738f9-attachment","type":"text/plain"}],"parameters":[{"name":"browser","value":"Edge"}],"start":1639867882501,"stop":1639867897657,"uuid":"1460cccd-4f08-44c8-a2a2-732192c11992","historyId":"71904a7874311375cba8f6185eecb720","fullName":"com.kotresh.demo.sele_demo.mytests.LoginTest_TC1.VerifyLoginPage","labels":[{"name":"package","value":"com.kotresh.demo.sele_demo.mytests.LoginTest_TC1"},{"name":"testClass","value":"com.kotresh.demo.sele_demo.mytests.LoginTest_TC1"},{"name":"testMethod","value":"VerifyLoginPage"},{"name":"parentSuite","value":"SmokeTestSuite"},{"name":"suite","value":"EdgeTest"},{"name":"subSuite","value":"com.kotresh.demo.sele_demo.mytests.LoginTest_TC1"},{"name":"host","value":"chikkk-lappy"},{"name":"thread","value":"40240@chikkk-lappy.TestNG-test=EdgeTest-1(39)"},{"name":"framework","value":"testng"},{"name":"language","value":"java"},{"name":"story","value":"Story Name: To Check Login Behaviour"},{"name":"severity","value":"normal"}],"links":[]}